2025-04-07 15:09:21,306 -db_helper -INFO -fetch_expenses_for_a_given_date called with 2024-08-01
2025-04-07 15:10:02,748 -db_helper -INFO -fetch_expenses_for_a_given_date called with 2025-04-07
2025-04-07 15:10:13,076 -db_helper -INFO -fetch_expenses_for_a_given_date called with 2025-04-09
2025-04-07 15:10:25,717 -db_helper -INFO -fetch_expenses_for_a_given_date called with 2025-04-09
2025-04-07 15:10:27,825 -db_helper -INFO -fetch_expense_summary called with start_date:2024-08-01, end_date:2024-08-05
2025-04-07 15:11:09,967 -db_helper -INFO -fetch_expenses_for_a_given_date called with 2024-08-01
2025-04-07 15:11:15,208 -db_helper -INFO -fetch_expenses_for_a_given_date called with 2024-08-01
2025-04-07 15:11:17,278 -db_helper -INFO -fetch_expense_summary called with start_date:2024-08-01, end_date:2024-08-05
2025-04-07 15:12:26,051 -db_helper -INFO -fetch_expenses_for_a_given_date called with 2024-08-01
2025-04-07 15:12:32,398 -db_helper -INFO -fetch_expenses_for_a_given_date called with 2024-08-01
2025-04-07 15:12:34,523 -db_helper -INFO -fetch_expense_summary called with start_date:2024-08-01, end_date:2024-08-05
2025-04-07 15:13:27,863 -db_helper -INFO -fetch_expenses_for_a_given_date called with 2024-08-01
2025-04-07 15:13:31,420 -db_helper -INFO -fetch_expenses_for_a_given_date called with 2024-08-01
2025-04-07 15:13:34,740 -db_helper -INFO -fetch_expenses_for_a_given_date called with 2024-08-01
2025-04-07 15:13:36,799 -db_helper -INFO -fetch_expense_summary called with start_date:2024-08-02, end_date:2024-08-15
2025-04-07 15:13:56,494 -db_helper -INFO -fetch_expenses_for_a_given_date called with 2024-08-01
2025-04-07 15:14:00,614 -db_helper -INFO -fetch_expenses_for_a_given_date called with 2024-08-01
2025-04-07 15:14:02,678 -db_helper -INFO -fetch_expense_summary called with start_date:2024-08-02, end_date:2024-08-30
2025-04-09 09:55:43,525 -db_helper -INFO -fetch_expenses_for_a_given_date called with 2024-08-01
2025-04-09 09:55:54,302 -db_helper -INFO -fetch_expenses_for_a_given_date called with 2024-08-01
2025-04-09 09:55:56,376 -db_helper -INFO -fetch_expense_summary called with start_date:2024-08-01, end_date:2024-08-05
2025-04-09 09:57:31,403 -db_helper -INFO -fetch_expenses_for_a_given_date called with 2024-08-01
2025-04-09 10:20:33,518 -db_helper -INFO -fetch_expenses_for_a_given_date called with 2024-08-01
2025-04-09 10:20:58,488 -db_helper -INFO -fetch_expenses_for_a_given_date called with 2024-08-01
2025-04-09 10:21:01,239 -db_helper -INFO -fetch_expense_summary called with start_date:2024-08-01, end_date:2024-08-05
2025-04-09 10:22:28,359 -db_helper -INFO -fetch_expenses_for_a_given_date called with 2024-08-01
2025-04-09 10:22:34,265 -db_helper -INFO -fetch_expenses_for_a_given_date called with 2024-08-01
2025-04-09 10:22:36,713 -db_helper -INFO -fetch_expense_summary called with start_date:2024-08-01, end_date:2024-08-05
2025-04-09 10:23:01,163 -db_helper -INFO -fetch_expenses_for_a_given_date called with 2024-08-01
2025-04-09 10:23:06,590 -db_helper -INFO -fetch_expenses_for_a_given_date called with 2024-08-01
2025-04-09 10:23:08,855 -db_helper -INFO -fetch_expense_summary called with start_date:2024-08-01, end_date:2024-08-05
2025-04-09 10:24:18,634 -db_helper -INFO -fetch_expenses_for_a_given_date called with 2024-08-01
2025-04-09 10:24:25,319 -db_helper -INFO -fetch_expenses_for_a_given_date called with 2024-08-01
2025-04-09 10:24:28,176 -db_helper -INFO -fetch_expense_summary called with start_date:2024-08-01, end_date:2024-08-05
2025-04-09 10:25:32,186 -db_helper -INFO -fetch_expenses_for_a_given_date called with 2024-08-01
2025-04-09 10:26:15,158 -db_helper -INFO -fetch_expenses_for_a_given_date called with 2024-08-01
2025-04-09 10:26:34,229 -db_helper -INFO -fetch_expenses_for_a_given_date called with 2024-08-01
2025-04-09 10:26:36,395 -db_helper -INFO -fetch_expense_summary called with start_date:2024-08-01, end_date:2024-08-05
2025-04-09 10:27:13,807 -db_helper -INFO -fetch_expenses_for_a_given_date called with 2024-08-01
2025-04-09 11:29:02,923 -db_helper -INFO -fetch_expenses_for_a_given_date called with 2024-08-01
2025-04-09 11:34:16,958 -db_helper -INFO -fetch_expenses_for_a_given_date called with 2024-08-01
2025-04-09 11:34:51,628 -db_helper -INFO -fetch_expenses_for_a_given_date called with 2024-08-01
2025-04-09 11:50:33,936 -db_helper -INFO -fetch_expenses_for_a_given_date called with 2024-08-01
2025-04-09 11:54:19,470 -db_helper -INFO -fetch_expenses_for_a_given_date called with 2024-08-01
2025-04-09 11:55:32,260 -db_helper -INFO -fetch_expenses_for_a_given_date called with 2024-08-01
2025-04-09 11:56:26,767 -db_helper -INFO -fetch_expenses_for_a_given_date called with 2024-08-01
2025-04-09 11:57:34,934 -db_helper -INFO -fetch_expenses_for_a_given_date called with 2024-08-01
2025-04-09 12:05:09,517 -db_helper -INFO -fetch_expenses_for_a_given_date called with 2024-08-01
2025-04-09 12:05:18,112 -db_helper -INFO -get_expenses_by_month called
2025-04-09 12:14:06,027 -db_helper -INFO -fetch_expenses_for_a_given_date called with 2024-08-01
2025-04-09 12:14:08,243 -db_helper -INFO -get_expenses_by_month called
2025-04-09 12:18:51,328 -db_helper -INFO -fetch_expenses_for_a_given_date called with 2024-08-01
2025-04-09 12:26:56,349 -db_helper -INFO -fetch_expenses_for_a_given_date called with 2024-08-01
2025-04-09 12:27:00,521 -db_helper -INFO -get_expenses_by_month called
2025-04-09 12:34:31,819 -db_helper -INFO -fetch_expenses_for_a_given_date called with 2024-08-01
2025-04-09 12:34:37,789 -db_helper -INFO -get_expenses_by_month called
2025-04-09 12:42:35,776 -db_helper -INFO -fetch_expenses_for_a_given_date called with 2024-08-01
2025-04-09 12:44:36,011 -db_helper -INFO -fetch_expenses_for_a_given_date called with 2024-08-01
2025-04-09 12:44:39,174 -db_helper -INFO -get_expenses_by_month called
2025-04-09 12:49:56,872 -db_helper -INFO -get_expenses_by_month called
2025-04-09 12:49:56,890 -db_helper -INFO -Fetched data: [{'month': '2024-08', 'amount': 5790.0}, {'month': '2024-09', 'amount': 4790.0}, {'month': '2025-04', 'amount': 600.0}]
2025-04-09 12:51:01,467 -db_helper -INFO -fetch_expenses_for_a_given_date called with 2024-08-01
2025-04-09 12:54:28,354 -db_helper -INFO -fetch_expenses_for_a_given_date called with 2024-08-01
2025-04-09 12:54:30,405 -db_helper -INFO -get_expenses_by_month called
2025-04-09 12:54:30,821 -db_helper -INFO -Fetched data: [{'month': '2024-08', 'amount': 5790.0}, {'month': '2024-09', 'amount': 4790.0}, {'month': '2025-04', 'amount': 600.0}]
2025-04-09 12:54:35,638 -db_helper -INFO -fetch_expenses_for_a_given_date called with 2024-08-01
2025-04-09 12:54:37,709 -db_helper -INFO -fetch_expense_summary called with start_date:2024-08-01, end_date:2024-08-05
2025-04-09 12:54:43,251 -db_helper -INFO -get_expenses_by_month called
2025-04-09 12:54:43,406 -db_helper -INFO -Fetched data: [{'month': '2024-08', 'amount': 5790.0}, {'month': '2024-09', 'amount': 4790.0}, {'month': '2025-04', 'amount': 600.0}]
2025-04-09 13:01:23,652 -db_helper -INFO -fetch_expenses_for_a_given_date called with 2024-08-01
2025-04-09 13:01:25,707 -db_helper -INFO -get_expenses_by_month called
2025-04-09 13:01:25,713 -db_helper -INFO -Fetched data: [{'month': '2024-08', 'amount': 5790.0}, {'month': '2024-09', 'amount': 4790.0}, {'month': '2025-04', 'amount': 600.0}]
2025-04-09 13:03:15,439 -db_helper -INFO -fetch_expenses_for_a_given_date called with 2024-08-01
2025-04-09 13:03:17,496 -db_helper -INFO -get_expenses_by_month called
2025-04-09 13:03:17,680 -db_helper -INFO -Fetched data: [{'month': '2024-08', 'amount': 5790.0}, {'month': '2024-09', 'amount': 4790.0}, {'month': '2025-04', 'amount': 600.0}]
2025-04-09 13:17:13,961 -db_helper -INFO -fetch_expenses_for_a_given_date called with 2024-08-01
2025-04-09 13:17:16,297 -db_helper -INFO -fetch_expense_summary_by_months
2025-04-09 13:19:08,239 -db_helper -INFO -fetch_expenses_for_a_given_date called with 2024-08-01
2025-04-09 13:19:10,319 -db_helper -INFO -fetch_expense_summary_by_months
2025-04-09 13:22:02,797 -db_helper -INFO -fetch_expenses_for_a_given_date called with 2024-08-01
2025-04-09 13:25:18,640 -db_helper -INFO -fetch_expenses_for_a_given_date called with 2024-08-01
2025-04-09 13:25:20,742 -db_helper -INFO -fetch_expense_summary_by_months
2025-04-09 13:28:40,264 -db_helper -INFO -fetch_expenses_for_a_given_date called with 2024-08-01
2025-04-09 13:28:42,320 -db_helper -INFO -fetch_expense_summary_by_months
2025-04-09 13:30:57,519 -db_helper -INFO -fetch_expenses_for_a_given_date called with 2024-08-01
2025-04-09 13:30:59,560 -db_helper -INFO -fetch_expense_summary_by_months
2025-04-09 13:31:21,326 -db_helper -INFO -fetch_expenses_for_a_given_date called with 2024-08-01
2025-04-09 13:31:23,694 -db_helper -INFO -fetch_expense_summary_by_months
2025-04-09 13:32:34,541 -db_helper -INFO -fetch_expenses_for_a_given_date called with 2024-08-01
2025-04-09 13:32:36,635 -db_helper -INFO -fetch_expense_summary called with start_date:2024-08-01, end_date:2024-08-05
2025-04-09 13:32:38,741 -db_helper -INFO -fetch_expense_summary_by_months
2025-04-09 13:39:04,374 -db_helper -INFO -fetch_expenses_for_a_given_date called with 2024-08-01
2025-04-09 13:39:06,480 -db_helper -INFO -fetch_expense_summary_by_months
2025-04-09 13:41:53,517 -db_helper -INFO -fetch_expenses_for_a_given_date called with 2024-08-01
2025-04-09 13:41:55,720 -db_helper -INFO -fetch_expense_summary_by_months
2025-04-09 13:42:25,713 -db_helper -INFO -fetch_expenses_for_a_given_date called with 2024-08-01
2025-04-09 13:42:27,791 -db_helper -INFO -fetch_expense_summary_by_months
2025-04-09 13:43:03,947 -db_helper -INFO -fetch_expenses_for_a_given_date called with 2024-08-01
2025-04-09 13:43:06,045 -db_helper -INFO -fetch_expense_summary_by_months
2025-04-09 13:45:01,041 -db_helper -INFO -fetch_expenses_for_a_given_date called with 2024-08-01
2025-04-09 13:45:03,129 -db_helper -INFO -fetch_expense_summary_by_months
2025-04-09 13:45:45,115 -db_helper -INFO -fetch_expenses_for_a_given_date called with 2024-08-01
2025-04-09 13:45:47,189 -db_helper -INFO -fetch_expense_summary_by_months
2025-04-09 13:45:59,060 -db_helper -INFO -fetch_expenses_for_a_given_date called with 2024-08-01
2025-04-09 13:46:01,145 -db_helper -INFO -fetch_expense_summary_by_months
2025-04-09 13:47:22,690 -db_helper -INFO -fetch_expenses_for_a_given_date called with 2024-08-01
2025-04-09 13:47:24,776 -db_helper -INFO -fetch_expense_summary_by_months
2025-04-09 13:47:33,319 -db_helper -INFO -fetch_expenses_for_a_given_date called with 2024-08-08
2025-04-09 13:47:36,281 -db_helper -INFO -fetch_expense_summary_by_months
2025-04-09 13:47:53,086 -db_helper -INFO -fetch_expenses_for_a_given_date called with 2025-08-09
2025-04-09 13:47:55,147 -db_helper -INFO -fetch_expense_summary_by_months
2025-04-09 13:48:32,378 -db_helper -INFO -fetch_expenses_for_a_given_date called with 2025-04-09
2025-04-09 13:48:34,443 -db_helper -INFO -fetch_expense_summary_by_months
2025-04-09 13:54:07,422 -db_helper -INFO -fetch_expenses_for_a_given_date called with 2025-04-09
2025-04-09 13:54:09,633 -db_helper -INFO -delete_expenses_for_a_given_date called with 2025-04-09
2025-04-09 13:54:09,876 -db_helper -INFO -insert_expense called with date:2025-04-09, amount:20.0, category:Food, notes:Breakfast
2025-04-09 13:54:13,112 -db_helper -INFO -insert_expense called with date:2025-04-09, amount:40.0, category:Food, notes:Lunch
2025-04-09 13:54:13,778 -db_helper -INFO -insert_expense called with date:2025-04-09, amount:10.0, category:Food, notes:Snaks
2025-04-09 13:54:14,484 -db_helper -INFO -insert_expense called with date:2025-04-09, amount:60.0, category:Food, notes:Dinner
2025-04-09 13:54:14,846 -db_helper -INFO -fetch_expenses_for_a_given_date called with 2025-04-02
2025-04-09 13:54:16,451 -db_helper -INFO -insert_expense called with date:2025-04-09, amount:15.0, category:Others, notes:
2025-04-09 13:54:17,223 -db_helper -INFO -fetch_expense_summary_by_months
2025-04-09 13:54:30,314 -db_helper -INFO -fetch_expenses_for_a_given_date called with 2025-04-03
2025-04-09 13:54:32,443 -db_helper -INFO -fetch_expense_summary_by_months
2025-04-09 13:54:40,737 -db_helper -INFO -fetch_expenses_for_a_given_date called with 2025-04-08
2025-04-09 13:54:42,795 -db_helper -INFO -fetch_expense_summary_by_months
2025-04-09 13:54:43,515 -db_helper -INFO -fetch_expenses_for_a_given_date called with 2025-04-09
2025-04-09 13:54:45,575 -db_helper -INFO -fetch_expense_summary_by_months
2025-04-09 13:54:46,961 -db_helper -INFO -fetch_expenses_for_a_given_date called with 2025-04-09
2025-04-09 13:54:49,064 -db_helper -INFO -delete_expenses_for_a_given_date called with 2025-04-09
2025-04-09 13:54:49,688 -db_helper -INFO -insert_expense called with date:2025-04-09, amount:20.0, category:Food, notes:Breakfast
2025-04-09 13:54:50,708 -db_helper -INFO -insert_expense called with date:2025-04-09, amount:40.0, category:Food, notes:Lunch
2025-04-09 13:54:51,264 -db_helper -INFO -insert_expense called with date:2025-04-09, amount:10.0, category:Food, notes:Snaks
2025-04-09 13:54:52,348 -db_helper -INFO -insert_expense called with date:2025-04-09, amount:60.0, category:Food, notes:Dinner
2025-04-09 13:54:52,965 -db_helper -INFO -insert_expense called with date:2025-04-09, amount:15.0, category:Others, notes:
2025-04-09 13:54:55,542 -db_helper -INFO -fetch_expense_summary_by_months
2025-04-09 13:55:03,977 -db_helper -INFO -fetch_expenses_for_a_given_date called with 2025-04-10
2025-04-09 13:55:06,034 -db_helper -INFO -fetch_expense_summary_by_months
2025-04-09 13:55:11,650 -db_helper -INFO -fetch_expenses_for_a_given_date called with 2025-04-08
2025-04-09 13:55:13,723 -db_helper -INFO -fetch_expense_summary_by_months
2025-04-09 13:55:18,364 -db_helper -INFO -fetch_expenses_for_a_given_date called with 2025-04-09
2025-04-09 13:55:20,649 -db_helper -INFO -fetch_expense_summary_by_months
2025-04-09 13:55:42,156 -db_helper -INFO -fetch_expenses_for_a_given_date called with 2025-04-09
2025-04-09 13:55:43,710 -db_helper -INFO -fetch_expenses_for_a_given_date called with 2025-04-09
2025-04-09 13:55:46,074 -db_helper -INFO -fetch_expense_summary called with start_date:2024-08-01, end_date:2025-04-09
2025-04-09 13:55:48,127 -db_helper -INFO -fetch_expense_summary_by_months
2025-04-09 13:59:16,058 -db_helper -INFO -fetch_expenses_for_a_given_date called with 2025-04-09
2025-04-09 13:59:18,350 -db_helper -INFO -fetch_expense_summary_by_months
2025-04-09 13:59:23,300 -db_helper -INFO -fetch_expenses_for_a_given_date called with 2025-04-09
2025-04-09 13:59:25,368 -db_helper -INFO -fetch_expense_summary called with start_date:2024-08-01, end_date:2025-04-09
2025-04-09 13:59:27,456 -db_helper -INFO -fetch_expense_summary_by_months
2025-04-09 14:02:08,801 -db_helper -INFO -fetch_expenses_for_a_given_date called with 2025-04-09
2025-04-09 14:02:10,867 -db_helper -INFO -fetch_expense_summary_by_months
2025-04-09 14:02:16,989 -db_helper -INFO -fetch_expenses_for_a_given_date called with 2025-04-09
2025-04-09 14:02:19,055 -db_helper -INFO -fetch_expense_summary called with start_date:2024-08-01, end_date:2025-04-09
2025-04-09 14:02:21,100 -db_helper -INFO -fetch_expense_summary_by_months
2025-04-09 14:03:04,584 -db_helper -INFO -fetch_expenses_for_a_given_date called with 2025-04-09
2025-04-09 14:03:07,209 -db_helper -INFO -fetch_expense_summary_by_months
2025-04-09 14:03:12,867 -db_helper -INFO -fetch_expenses_for_a_given_date called with 2025-04-09
2025-04-09 14:03:14,922 -db_helper -INFO -fetch_expense_summary called with start_date:2024-08-01, end_date:2025-04-09
2025-04-09 14:03:16,971 -db_helper -INFO -fetch_expense_summary_by_months
2025-04-09 14:03:54,069 -db_helper -INFO -fetch_expenses_for_a_given_date called with 2025-04-09
2025-04-09 14:03:56,125 -db_helper -INFO -fetch_expense_summary_by_months
2025-04-09 14:04:00,037 -db_helper -INFO -fetch_expenses_for_a_given_date called with 2025-04-09
2025-04-09 14:04:02,094 -db_helper -INFO -fetch_expense_summary called with start_date:2024-08-01, end_date:2025-04-09
2025-04-09 14:04:04,159 -db_helper -INFO -fetch_expense_summary_by_months
2025-04-09 15:29:34,162 -db_helper -INFO -fetch_expenses_for_a_given_date called with 2024-08-01
2025-04-09 15:29:43,755 -db_helper -INFO -fetch_expense_summary_by_months
2025-04-09 15:29:50,570 -db_helper -INFO -fetch_expenses_for_a_given_date called with 2024-08-01
2025-04-09 15:29:52,850 -db_helper -INFO -fetch_expense_summary called with start_date:2024-08-01, end_date:2024-08-05
2025-04-09 15:29:56,779 -db_helper -INFO -fetch_expense_summary_by_months
2025-04-09 15:36:45,865 -db_helper -INFO -fetch_expenses_for_a_given_date called with 2024-08-01
2025-04-09 15:36:48,219 -db_helper -INFO -fetch_expense_summary_by_months
2025-04-09 15:37:07,917 -db_helper -INFO -fetch_expenses_for_a_given_date called with 2024-08-01
2025-04-09 15:37:10,004 -db_helper -INFO -fetch_expense_summary called with start_date:2024-08-01, end_date:2024-08-05
2025-04-09 15:37:12,049 -db_helper -INFO -fetch_expense_summary_by_months
2025-04-09 15:37:32,646 -db_helper -INFO -fetch_expenses_for_a_given_date called with 2024-08-01
2025-04-09 15:37:34,696 -db_helper -INFO -fetch_expense_summary_by_months
2025-04-09 15:37:38,350 -db_helper -INFO -fetch_expenses_for_a_given_date called with 2024-08-01
2025-04-09 15:37:40,406 -db_helper -INFO -fetch_expense_summary called with start_date:2024-08-01, end_date:2024-08-05
2025-04-09 15:37:42,517 -db_helper -INFO -fetch_expense_summary_by_months
2025-04-09 15:39:23,267 -db_helper -INFO -fetch_expenses_for_a_given_date called with 2024-08-01
2025-04-09 15:39:25,527 -db_helper -INFO -fetch_expense_summary_by_months
2025-04-09 15:41:30,901 -db_helper -INFO -fetch_expenses_for_a_given_date called with 2024-08-01
2025-04-09 15:41:44,389 -db_helper -INFO -fetch_expense_summary_by_months
2025-04-09 15:44:55,783 -db_helper -INFO -fetch_expenses_for_a_given_date called with 2024-08-01
2025-04-09 15:44:57,862 -db_helper -INFO -fetch_expense_summary_by_months
2025-04-09 15:46:05,526 -db_helper -INFO -fetch_expenses_for_a_given_date called with 2024-08-01
2025-04-09 15:46:07,572 -db_helper -INFO -fetch_expense_summary_by_months
2025-04-09 15:46:11,608 -db_helper -INFO -fetch_expenses_for_a_given_date called with 2024-08-01
2025-04-09 15:46:15,112 -db_helper -INFO -fetch_expense_summary_by_months
2025-04-09 15:46:23,147 -db_helper -INFO -fetch_expenses_for_a_given_date called with 2024-08-01
2025-04-09 15:46:25,778 -db_helper -INFO -fetch_expense_summary called with start_date:2024-08-01, end_date:2024-08-05
2025-04-09 15:46:29,371 -db_helper -INFO -fetch_expense_summary_by_months
2025-04-09 15:49:55,265 -db_helper -INFO -fetch_expenses_for_a_given_date called with 2024-08-01
2025-04-09 15:49:57,335 -db_helper -INFO -fetch_expense_summary_by_months
2025-04-09 23:03:44,196 -db_helper -INFO -fetch_expenses_for_a_given_date called with 2024-08-01
2025-04-09 23:03:48,672 -db_helper -INFO -fetch_expense_summary_by_months
2025-04-09 23:07:32,628 -db_helper -INFO -fetch_expenses_for_a_given_date called with 2024-08-01
2025-04-09 23:07:34,820 -db_helper -INFO -fetch_expense_summary_by_months
2025-04-09 23:08:15,390 -db_helper -INFO -fetch_expenses_for_a_given_date called with 2024-08-01
2025-04-09 23:08:17,599 -db_helper -INFO -fetch_expense_summary_by_months
2025-04-09 23:08:43,112 -db_helper -INFO -fetch_expenses_for_a_given_date called with 2024-08-01
2025-04-09 23:08:45,301 -db_helper -INFO -fetch_expense_summary_by_months
2025-04-09 23:10:02,881 -db_helper -INFO -fetch_expenses_for_a_given_date called with 2024-08-01
2025-04-09 23:10:04,974 -db_helper -INFO -fetch_expense_summary_by_months
2025-04-09 23:17:52,830 -db_helper -INFO -fetch_expenses_for_a_given_date called with 2024-08-01
2025-04-09 23:17:54,952 -db_helper -INFO -fetch_expense_summary_by_months
2025-04-09 23:21:24,498 -db_helper -INFO -fetch_expenses_for_a_given_date called with 2024-08-01
2025-04-09 23:21:26,648 -db_helper -INFO -delete_expenses_for_a_given_date called with 2024-08-01
2025-04-09 23:21:28,792 -db_helper -INFO -insert_expense called with date:2024-08-01, amount:1227.0, category:Rent, notes:Monthly rent payment
2025-04-09 23:21:31,110 -db_helper -INFO -insert_expense called with date:2024-08-01, amount:300.0, category:Food, notes:Groceries for the week
2025-04-09 23:21:31,622 -db_helper -INFO -insert_expense called with date:2024-08-01, amount:1200.0, category:Rent, notes:Monthly rent payment
2025-04-09 23:21:32,325 -db_helper -INFO -insert_expense called with date:2024-08-01, amount:300.0, category:Food, notes:Groceries for the week
2025-04-09 23:21:34,961 -db_helper -INFO -fetch_expense_summary_by_months
2025-04-09 23:22:05,714 -db_helper -INFO -fetch_expenses_for_a_given_date called with 2024-08-01
2025-04-09 23:22:07,894 -db_helper -INFO -fetch_expense_summary_by_months
2025-04-09 23:22:25,395 -db_helper -INFO -fetch_expenses_for_a_given_date called with 2024-08-01
2025-04-09 23:22:27,502 -db_helper -INFO -fetch_expense_summary_by_months
2025-04-09 23:22:52,311 -db_helper -INFO -fetch_expenses_for_a_given_date called with 2024-08-01
2025-04-09 23:22:54,408 -db_helper -INFO -fetch_expense_summary called with start_date:2025-01-01, end_date:2025-08-01
2025-04-09 23:22:56,584 -db_helper -INFO -fetch_expense_summary_by_months
2025-04-09 23:23:16,051 -db_helper -INFO -fetch_expenses_for_a_given_date called with 2024-08-01
2025-04-09 23:23:18,148 -db_helper -INFO -fetch_expense_summary_by_months
2025-04-09 23:23:28,232 -db_helper -INFO -fetch_expenses_for_a_given_date called with 2024-08-01
2025-04-09 23:23:30,319 -db_helper -INFO -fetch_expense_summary called with start_date:2024-08-01, end_date:2024-08-05
2025-04-09 23:23:32,488 -db_helper -INFO -fetch_expense_summary_by_months
2025-04-09 23:25:18,929 -db_helper -INFO -fetch_expenses_for_a_given_date called with 2024-08-01
2025-04-09 23:25:21,014 -db_helper -INFO -fetch_expense_summary_by_months
2025-04-09 23:25:23,652 -db_helper -INFO -fetch_expenses_for_a_given_date called with 2024-08-01
2025-04-09 23:25:25,733 -db_helper -INFO -fetch_expense_summary called with start_date:2024-08-01, end_date:2024-08-05
2025-04-09 23:25:27,843 -db_helper -INFO -fetch_expense_summary_by_months
2025-04-09 23:30:13,474 -db_helper -INFO -fetch_expenses_for_a_given_date called with 2024-08-01
2025-04-09 23:30:15,670 -db_helper -INFO -delete_expenses_for_a_given_date called with 2024-08-01
2025-04-09 23:30:15,829 -db_helper -INFO -insert_expense called with date:2024-08-01, amount:1227.0, category:Rent, notes:Monthly rent payment
2025-04-09 23:30:15,950 -db_helper -INFO -insert_expense called with date:2024-08-01, amount:300.0, category:Food, notes:Groceries for the week
2025-04-09 23:30:16,037 -db_helper -INFO -insert_expense called with date:2024-08-01, amount:1200.0, category:Rent, notes:Monthly rent payment
2025-04-09 23:30:16,101 -db_helper -INFO -insert_expense called with date:2024-08-01, amount:300.0, category:Food, notes:Groceries for the week
2025-04-09 23:30:18,271 -db_helper -INFO -fetch_expense_summary_by_months
2025-04-09 23:30:27,351 -db_helper -INFO -fetch_expenses_for_a_given_date called with 2024-08-01
2025-04-09 23:30:29,461 -db_helper -INFO -fetch_expense_summary_by_months
2025-04-09 23:30:32,052 -db_helper -INFO -fetch_expenses_for_a_given_date called with 2024-08-01
2025-04-09 23:30:32,669 -db_helper -INFO -fetch_expenses_for_a_given_date called with 2024-08-01
2025-04-09 23:30:34,761 -db_helper -INFO -fetch_expense_summary_by_months
2025-04-09 23:31:40,816 -db_helper -INFO -fetch_expenses_for_a_given_date called with 2024-08-01
2025-04-09 23:31:42,902 -db_helper -INFO -fetch_expense_summary_by_months
2025-04-09 23:33:51,757 -db_helper -INFO -fetch_expenses_for_a_given_date called with 2024-08-01
2025-04-09 23:33:54,726 -db_helper -INFO -fetch_expense_summary called with start_date:2024-08-01, end_date:2024-08-05
2025-04-09 23:33:56,785 -db_helper -INFO -fetch_expense_summary_by_months
2025-04-09 23:36:57,831 -db_helper -INFO -fetch_expenses_for_a_given_date called with 2024-08-01
2025-04-09 23:37:00,268 -db_helper -INFO -fetch_expense_summary_by_months
